Nov 17 2018 06:45:43
{"Number":2,"Message":"is_dir(): open_basedir restriction in effect. File(\/home\/.svn) is not within the allowed path(s): (\/home\/eoi\/:\/tmp\/:\/var\/tmp\/:\/usr\/local\/php71\/lib\/:\/usr\/local\/php54\/lib\/:\/usr\/local\/php55\/lib\/:\/usr\/local\/php56\/lib\/:\/usr\/local\/php70\/lib\/:\/usr\/local\/php71\/lib\/:\/usr\/local\/lib\/php\/)","File":"\/home\/eoi\/domains\/eoi.digital\/public_html\/lofti\/wp-admin\/includes\/class-wp-automatic-updater.php","Line":98}

Nov 17 2018 06:45:43
{"Number":2,"Message":"is_dir(): open_basedir restriction in effect. File(\/.svn) is not within the allowed path(s): (\/home\/eoi\/:\/tmp\/:\/var\/tmp\/:\/usr\/local\/php71\/lib\/:\/usr\/local\/php54\/lib\/:\/usr\/local\/php55\/lib\/:\/usr\/local\/php56\/lib\/:\/usr\/local\/php70\/lib\/:\/usr\/local\/php71\/lib\/:\/usr\/local\/lib\/php\/)","File":"\/home\/eoi\/domains\/eoi.digital\/public_html\/lofti\/wp-admin\/includes\/class-wp-automatic-updater.php","Line":98}

Nov 17 2018 06:45:43
{"Number":2,"Message":"is_dir(): open_basedir restriction in effect. File(\/home\/.git) is not within the allowed path(s): (\/home\/eoi\/:\/tmp\/:\/var\/tmp\/:\/usr\/local\/php71\/lib\/:\/usr\/local\/php54\/lib\/:\/usr\/local\/php55\/lib\/:\/usr\/local\/php56\/lib\/:\/usr\/local\/php70\/lib\/:\/usr\/local\/php71\/lib\/:\/usr\/local\/lib\/php\/)","File":"\/home\/eoi\/domains\/eoi.digital\/public_html\/lofti\/wp-admin\/includes\/class-wp-automatic-updater.php","Line":98}

Nov 17 2018 06:45:43
{"Number":2,"Message":"is_dir(): open_basedir restriction in effect. File(\/.git) is not within the allowed path(s): (\/home\/eoi\/:\/tmp\/:\/var\/tmp\/:\/usr\/local\/php71\/lib\/:\/usr\/local\/php54\/lib\/:\/usr\/local\/php55\/lib\/:\/usr\/local\/php56\/lib\/:\/usr\/local\/php70\/lib\/:\/usr\/local\/php71\/lib\/:\/usr\/local\/lib\/php\/)","File":"\/home\/eoi\/domains\/eoi.digital\/public_html\/lofti\/wp-admin\/includes\/class-wp-automatic-updater.php","Line":98}

Nov 17 2018 06:45:43
{"Number":2,"Message":"is_dir(): open_basedir restriction in effect. File(\/home\/.hg) is not within the allowed path(s): (\/home\/eoi\/:\/tmp\/:\/var\/tmp\/:\/usr\/local\/php71\/lib\/:\/usr\/local\/php54\/lib\/:\/usr\/local\/php55\/lib\/:\/usr\/local\/php56\/lib\/:\/usr\/local\/php70\/lib\/:\/usr\/local\/php71\/lib\/:\/usr\/local\/lib\/php\/)","File":"\/home\/eoi\/domains\/eoi.digital\/public_html\/lofti\/wp-admin\/includes\/class-wp-automatic-updater.php","Line":98}

Nov 17 2018 06:45:43
{"Number":2,"Message":"is_dir(): open_basedir restriction in effect. File(\/.hg) is not within the allowed path(s): (\/home\/eoi\/:\/tmp\/:\/var\/tmp\/:\/usr\/local\/php71\/lib\/:\/usr\/local\/php54\/lib\/:\/usr\/local\/php55\/lib\/:\/usr\/local\/php56\/lib\/:\/usr\/local\/php70\/lib\/:\/usr\/local\/php71\/lib\/:\/usr\/local\/lib\/php\/)","File":"\/home\/eoi\/domains\/eoi.digital\/public_html\/lofti\/wp-admin\/includes\/class-wp-automatic-updater.php","Line":98}

Nov 17 2018 06:45:43
{"Number":2,"Message":"is_dir(): open_basedir restriction in effect. File(\/home\/.bzr) is not within the allowed path(s): (\/home\/eoi\/:\/tmp\/:\/var\/tmp\/:\/usr\/local\/php71\/lib\/:\/usr\/local\/php54\/lib\/:\/usr\/local\/php55\/lib\/:\/usr\/local\/php56\/lib\/:\/usr\/local\/php70\/lib\/:\/usr\/local\/php71\/lib\/:\/usr\/local\/lib\/php\/)","File":"\/home\/eoi\/domains\/eoi.digital\/public_html\/lofti\/wp-admin\/includes\/class-wp-automatic-updater.php","Line":98}

Nov 17 2018 06:45:43
{"Number":2,"Message":"is_dir(): open_basedir restriction in effect. File(\/.bzr) is not within the allowed path(s): (\/home\/eoi\/:\/tmp\/:\/var\/tmp\/:\/usr\/local\/php71\/lib\/:\/usr\/local\/php54\/lib\/:\/usr\/local\/php55\/lib\/:\/usr\/local\/php56\/lib\/:\/usr\/local\/php70\/lib\/:\/usr\/local\/php71\/lib\/:\/usr\/local\/lib\/php\/)","File":"\/home\/eoi\/domains\/eoi.digital\/public_html\/lofti\/wp-admin\/includes\/class-wp-automatic-updater.php","Line":98}

Nov 17 2018 06:45:46
{"type":2,"message":"is_readable(): open_basedir restriction in effect. File(\/dev\/urandom) is not within the allowed path(s): (\/home\/eoi\/:\/tmp\/:\/var\/tmp\/:\/usr\/local\/php71\/lib\/:\/usr\/local\/php54\/lib\/:\/usr\/local\/php55\/lib\/:\/usr\/local\/php56\/lib\/:\/usr\/local\/php70\/lib\/:\/usr\/local\/php71\/lib\/:\/usr\/local\/lib\/php\/)","file":"\/home\/eoi\/domains\/eoi.digital\/public_html\/lofti\/wp-includes\/class-phpass.php","line":68}

Nov 17 2018 22:33:14
{"Number":2,"Message":"is_dir(): open_basedir restriction in effect. File(\/home\/.svn) is not within the allowed path(s): (\/home\/eoi\/:\/tmp\/:\/var\/tmp\/:\/usr\/local\/php71\/lib\/:\/usr\/local\/php54\/lib\/:\/usr\/local\/php55\/lib\/:\/usr\/local\/php56\/lib\/:\/usr\/local\/php70\/lib\/:\/usr\/local\/php71\/lib\/:\/usr\/local\/lib\/php\/)","File":"\/home\/eoi\/domains\/eoi.digital\/public_html\/lofti\/wp-admin\/includes\/class-wp-automatic-updater.php","Line":98}

Nov 17 2018 22:33:14
{"Number":2,"Message":"is_dir(): open_basedir restriction in effect. File(\/.svn) is not within the allowed path(s): (\/home\/eoi\/:\/tmp\/:\/var\/tmp\/:\/usr\/local\/php71\/lib\/:\/usr\/local\/php54\/lib\/:\/usr\/local\/php55\/lib\/:\/usr\/local\/php56\/lib\/:\/usr\/local\/php70\/lib\/:\/usr\/local\/php71\/lib\/:\/usr\/local\/lib\/php\/)","File":"\/home\/eoi\/domains\/eoi.digital\/public_html\/lofti\/wp-admin\/includes\/class-wp-automatic-updater.php","Line":98}

Nov 17 2018 22:33:14
{"Number":2,"Message":"is_dir(): open_basedir restriction in effect. File(\/home\/.git) is not within the allowed path(s): (\/home\/eoi\/:\/tmp\/:\/var\/tmp\/:\/usr\/local\/php71\/lib\/:\/usr\/local\/php54\/lib\/:\/usr\/local\/php55\/lib\/:\/usr\/local\/php56\/lib\/:\/usr\/local\/php70\/lib\/:\/usr\/local\/php71\/lib\/:\/usr\/local\/lib\/php\/)","File":"\/home\/eoi\/domains\/eoi.digital\/public_html\/lofti\/wp-admin\/includes\/class-wp-automatic-updater.php","Line":98}

Nov 17 2018 22:33:14
{"Number":2,"Message":"is_dir(): open_basedir restriction in effect. File(\/.git) is not within the allowed path(s): (\/home\/eoi\/:\/tmp\/:\/var\/tmp\/:\/usr\/local\/php71\/lib\/:\/usr\/local\/php54\/lib\/:\/usr\/local\/php55\/lib\/:\/usr\/local\/php56\/lib\/:\/usr\/local\/php70\/lib\/:\/usr\/local\/php71\/lib\/:\/usr\/local\/lib\/php\/)","File":"\/home\/eoi\/domains\/eoi.digital\/public_html\/lofti\/wp-admin\/includes\/class-wp-automatic-updater.php","Line":98}

Nov 17 2018 22:33:14
{"Number":2,"Message":"is_dir(): open_basedir restriction in effect. File(\/home\/.hg) is not within the allowed path(s): (\/home\/eoi\/:\/tmp\/:\/var\/tmp\/:\/usr\/local\/php71\/lib\/:\/usr\/local\/php54\/lib\/:\/usr\/local\/php55\/lib\/:\/usr\/local\/php56\/lib\/:\/usr\/local\/php70\/lib\/:\/usr\/local\/php71\/lib\/:\/usr\/local\/lib\/php\/)","File":"\/home\/eoi\/domains\/eoi.digital\/public_html\/lofti\/wp-admin\/includes\/class-wp-automatic-updater.php","Line":98}

Nov 17 2018 22:33:14
{"Number":2,"Message":"is_dir(): open_basedir restriction in effect. File(\/.hg) is not within the allowed path(s): (\/home\/eoi\/:\/tmp\/:\/var\/tmp\/:\/usr\/local\/php71\/lib\/:\/usr\/local\/php54\/lib\/:\/usr\/local\/php55\/lib\/:\/usr\/local\/php56\/lib\/:\/usr\/local\/php70\/lib\/:\/usr\/local\/php71\/lib\/:\/usr\/local\/lib\/php\/)","File":"\/home\/eoi\/domains\/eoi.digital\/public_html\/lofti\/wp-admin\/includes\/class-wp-automatic-updater.php","Line":98}

Nov 17 2018 22:33:14
{"Number":2,"Message":"is_dir(): open_basedir restriction in effect. File(\/home\/.bzr) is not within the allowed path(s): (\/home\/eoi\/:\/tmp\/:\/var\/tmp\/:\/usr\/local\/php71\/lib\/:\/usr\/local\/php54\/lib\/:\/usr\/local\/php55\/lib\/:\/usr\/local\/php56\/lib\/:\/usr\/local\/php70\/lib\/:\/usr\/local\/php71\/lib\/:\/usr\/local\/lib\/php\/)","File":"\/home\/eoi\/domains\/eoi.digital\/public_html\/lofti\/wp-admin\/includes\/class-wp-automatic-updater.php","Line":98}

Nov 17 2018 22:33:14
{"Number":2,"Message":"is_dir(): open_basedir restriction in effect. File(\/.bzr) is not within the allowed path(s): (\/home\/eoi\/:\/tmp\/:\/var\/tmp\/:\/usr\/local\/php71\/lib\/:\/usr\/local\/php54\/lib\/:\/usr\/local\/php55\/lib\/:\/usr\/local\/php56\/lib\/:\/usr\/local\/php70\/lib\/:\/usr\/local\/php71\/lib\/:\/usr\/local\/lib\/php\/)","File":"\/home\/eoi\/domains\/eoi.digital\/public_html\/lofti\/wp-admin\/includes\/class-wp-automatic-updater.php","Line":98}

